c:\users\administrator.jusin-20180411y\desktop\algorithm_for.running\study_algorithm_180731\study_algorithm_180731\debug\vc140.pdb
c:\users\administrator.jusin-20180411y\desktop\algorithm_for.running\study_algorithm_180731\study_algorithm_180731\debug\vc140.idb
c:\users\administrator.jusin-20180411y\desktop\algorithm_for.running\study_algorithm_180731\study_algorithm_180731\debug\피보나치.obj
c:\users\administrator.jusin-20180411y\desktop\for.algostudy\for.algostudy\study_algorithm_180731\study_algorithm_180731\debug\vc140.pdb
c:\users\administrator.jusin-20180411y\desktop\for.algostudy\for.algostudy\study_algorithm_180731\study_algorithm_180731\debug\vc140.idb
c:\users\administrator.jusin-20180411y\desktop\for.algostudy\for.algostudy\study_algorithm_180731\study_algorithm_180731\debug\maxproductofthree.obj
c:\users\administrator.jusin-20180411y\desktop\for.algostudy\for.algostudy\study_algorithm_180731\study_algorithm_180731\debug\triangle.obj
c:\users\administrator.jusin-20180411y\desktop\for.algostudy\for.algostudy\study_algorithm_180731\study_algorithm_180731\debug\가장큰정사각형찾기.obj
c:\users\administrator.jusin-20180411y\desktop\for.algostudy\for.algostudy\study_algorithm_180731\study_algorithm_180731\debug\다음큰숫자.obj
c:\users\administrator.jusin-20180411y\desktop\algorithm_for.running\study_algorithm_180731\debug\study_algorithm_180731.ilk
c:\users\administrator.jusin-20180411y\desktop\algorithm_for.running\study_algorithm_180731\debug\study_algorithm_180731.exe
c:\users\administrator.jusin-20180411y\desktop\algorithm_for.running\study_algorithm_180731\debug\study_algorithm_180731.pdb
c:\users\administrator.jusin-20180411y\desktop\for.algostudy\for.algostudy\study_algorithm_180731\debug\study_algorithm_180731.ilk
c:\users\administrator.jusin-20180411y\desktop\for.algostudy\for.algostudy\study_algorithm_180731\debug\study_algorithm_180731.exe
c:\users\administrator.jusin-20180411y\desktop\for.algostudy\for.algostudy\study_algorithm_180731\debug\study_algorithm_180731.pdb
c:\users\administrator.jusin-20180411y\desktop\for.algostudy\for.algostudy\study_algorithm_180731\study_algorithm_180731\debug\피보나치.obj
c:\users\administrator.jusin-20180411y\desktop\for.algostudy\for.algostudy\study_algorithm_180731\study_algorithm_180731\debug\study_al.85020c3a.tlog\cl.command.1.tlog
c:\users\administrator.jusin-20180411y\desktop\for.algostudy\for.algostudy\study_algorithm_180731\study_algorithm_180731\debug\study_al.85020c3a.tlog\cl.read.1.tlog
c:\users\administrator.jusin-20180411y\desktop\for.algostudy\for.algostudy\study_algorithm_180731\study_algorithm_180731\debug\study_al.85020c3a.tlog\cl.write.1.tlog
c:\users\administrator.jusin-20180411y\desktop\for.algostudy\for.algostudy\study_algorithm_180731\study_algorithm_180731\debug\study_al.85020c3a.tlog\link.command.1.tlog
c:\users\administrator.jusin-20180411y\desktop\for.algostudy\for.algostudy\study_algorithm_180731\study_algorithm_180731\debug\study_al.85020c3a.tlog\link.read.1.tlog
c:\users\administrator.jusin-20180411y\desktop\for.algostudy\for.algostudy\study_algorithm_180731\study_algorithm_180731\debug\study_al.85020c3a.tlog\link.write.1.tlog
